Determining if the pthread_create exist failed with the following output:
Change Dir: /home/kim/kim_ws/src/encoder_example/build/CMakeFiles/CMakeTmp

Run Build Command:"/usr/bin/make" "cmTC_32977/fast"
/usr/bin/make -f CMakeFiles/cmTC_32977.dir/build.make CMakeFiles/cmTC_32977.dir/build
make[1]: Entering directory '/home/kim/kim_ws/src/encoder_example/build/CMakeFiles/CMakeTmp'
Building C object CMakeFiles/cmTC_32977.dir/CheckSymbolExists.c.o
/usr/bin/aarch64-linux-gnu-gcc    -o CMakeFiles/cmTC_32977.dir/CheckSymbolExists.c.o   -c /home/kim/kim_ws/src/encoder_example/build/CMakeFiles/CMakeTmp/CheckSymbolExists.c
Linking C executable cmTC_32977
/usr/bin/cmake -E cmake_link_script CMakeFiles/cmTC_32977.dir/link.txt --verbose=1
/usr/bin/aarch64-linux-gnu-gcc      -rdynamic CMakeFiles/cmTC_32977.dir/CheckSymbolExists.c.o  -o cmTC_32977 
CMakeFiles/cmTC_32977.dir/CheckSymbolExists.c.o: In function `main':
CheckSymbolExists.c:(.text+0x14): undefined reference to `pthread_create'
CheckSymbolExists.c:(.text+0x18): undefined reference to `pthread_create'
collect2: error: ld returned 1 exit status
CMakeFiles/cmTC_32977.dir/build.make:97: recipe for target 'cmTC_32977' failed
make[1]: *** [cmTC_32977] Error 1
make[1]: Leaving directory '/home/kim/kim_ws/src/encoder_example/build/CMakeFiles/CMakeTmp'
Makefile:126: recipe for target 'cmTC_32977/fast' failed
make: *** [cmTC_32977/fast] Error 2

File /home/kim/kim_ws/src/encoder_example/build/CMakeFiles/CMakeTmp/CheckSymbolExists.c:
/* */
#include <pthread.h>

int main(int argc, char** argv)
{
  (void)argv;
#ifndef pthread_create
  return ((int*)(&pthread_create))[argc];
#else
  (void)argc;
  return 0;
#endif
}

Determining if the function pthread_create exists in the pthreads failed with the following output:
Change Dir: /home/kim/kim_ws/src/encoder_example/build/CMakeFiles/CMakeTmp

Run Build Command:"/usr/bin/make" "cmTC_d5d90/fast"
/usr/bin/make -f CMakeFiles/cmTC_d5d90.dir/build.make CMakeFiles/cmTC_d5d90.dir/build
make[1]: Entering directory '/home/kim/kim_ws/src/encoder_example/build/CMakeFiles/CMakeTmp'
Building C object CMakeFiles/cmTC_d5d90.dir/CheckFunctionExists.c.o
/usr/bin/aarch64-linux-gnu-gcc   -DCHECK_FUNCTION_EXISTS=pthread_create   -o CMakeFiles/cmTC_d5d90.dir/CheckFunctionExists.c.o   -c /usr/share/cmake-3.10/Modules/CheckFunctionExists.c
Linking C executable cmTC_d5d90
/usr/bin/cmake -E cmake_link_script CMakeFiles/cmTC_d5d90.dir/link.txt --verbose=1
/usr/bin/aarch64-linux-gnu-gcc  -DCHECK_FUNCTION_EXISTS=pthread_create    -rdynamic CMakeFiles/cmTC_d5d90.dir/CheckFunctionExists.c.o  -o cmTC_d5d90 -lpthreads 
/usr/bin/ld: cannot find -lpthreads
collect2: error: ld returned 1 exit status
CMakeFiles/cmTC_d5d90.dir/build.make:97: recipe for target 'cmTC_d5d90' failed
make[1]: *** [cmTC_d5d90] Error 1
make[1]: Leaving directory '/home/kim/kim_ws/src/encoder_example/build/CMakeFiles/CMakeTmp'
Makefile:126: recipe for target 'cmTC_d5d90/fast' failed
make: *** [cmTC_d5d90/fast] Error 2


