Determining if the pthread_create exist failed with the following output:
Change Dir: /home/kim/kim_ws/src/build/CMakeFiles/CMakeTmp

Run Build Command:"/usr/bin/make" "cmTC_2d868/fast"
/usr/bin/make -f CMakeFiles/cmTC_2d868.dir/build.make CMakeFiles/cmTC_2d868.dir/build
make[1]: Entering directory '/home/kim/kim_ws/src/build/CMakeFiles/CMakeTmp'
Building C object CMakeFiles/cmTC_2d868.dir/CheckSymbolExists.c.o
/usr/bin/aarch64-linux-gnu-gcc    -o CMakeFiles/cmTC_2d868.dir/CheckSymbolExists.c.o   -c /home/kim/kim_ws/src/build/CMakeFiles/CMakeTmp/CheckSymbolExists.c
Linking C executable cmTC_2d868
/usr/bin/cmake -E cmake_link_script CMakeFiles/cmTC_2d868.dir/link.txt --verbose=1
/usr/bin/aarch64-linux-gnu-gcc      -rdynamic CMakeFiles/cmTC_2d868.dir/CheckSymbolExists.c.o  -o cmTC_2d868 
CMakeFiles/cmTC_2d868.dir/CheckSymbolExists.c.o: In function `main':
CheckSymbolExists.c:(.text+0x14): undefined reference to `pthread_create'
CheckSymbolExists.c:(.text+0x18): undefined reference to `pthread_create'
collect2: error: ld returned 1 exit status
CMakeFiles/cmTC_2d868.dir/build.make:97: recipe for target 'cmTC_2d868' failed
make[1]: *** [cmTC_2d868] Error 1
make[1]: Leaving directory '/home/kim/kim_ws/src/build/CMakeFiles/CMakeTmp'
Makefile:126: recipe for target 'cmTC_2d868/fast' failed
make: *** [cmTC_2d868/fast] Error 2

File /home/kim/kim_ws/src/build/CMakeFiles/CMakeTmp/CheckSymbolExists.c:
/* */
#include <pthread.h>

int main(int argc, char** argv)
{
  (void)argv;
#ifndef pthread_create
  return ((int*)(&pthread_create))[argc];
#else
  (void)argc;
  return 0;
#endif
}

Determining if the function pthread_create exists in the pthreads failed with the following output:
Change Dir: /home/kim/kim_ws/src/build/CMakeFiles/CMakeTmp

Run Build Command:"/usr/bin/make" "cmTC_78d5d/fast"
/usr/bin/make -f CMakeFiles/cmTC_78d5d.dir/build.make CMakeFiles/cmTC_78d5d.dir/build
make[1]: Entering directory '/home/kim/kim_ws/src/build/CMakeFiles/CMakeTmp'
Building C object CMakeFiles/cmTC_78d5d.dir/CheckFunctionExists.c.o
/usr/bin/aarch64-linux-gnu-gcc   -DCHECK_FUNCTION_EXISTS=pthread_create   -o CMakeFiles/cmTC_78d5d.dir/CheckFunctionExists.c.o   -c /usr/share/cmake-3.10/Modules/CheckFunctionExists.c
Linking C executable cmTC_78d5d
/usr/bin/cmake -E cmake_link_script CMakeFiles/cmTC_78d5d.dir/link.txt --verbose=1
/usr/bin/aarch64-linux-gnu-gcc  -DCHECK_FUNCTION_EXISTS=pthread_create    -rdynamic CMakeFiles/cmTC_78d5d.dir/CheckFunctionExists.c.o  -o cmTC_78d5d -lpthreads 
/usr/bin/ld: cannot find -lpthreads
collect2: error: ld returned 1 exit status
CMakeFiles/cmTC_78d5d.dir/build.make:97: recipe for target 'cmTC_78d5d' failed
make[1]: *** [cmTC_78d5d] Error 1
make[1]: Leaving directory '/home/kim/kim_ws/src/build/CMakeFiles/CMakeTmp'
Makefile:126: recipe for target 'cmTC_78d5d/fast' failed
make: *** [cmTC_78d5d/fast] Error 2


